08-Aug-2020 12:54:57.808 INFO [main] org.apache.catalina.core.ApplicationContext.log ContextListener: contextInitialized()
08-Aug-2020 12:54:57.808 INFO [main] org.apache.catalina.core.ApplicationContext.log SessionListener: contextInitialized()
08-Aug-2020 12:54:57.810 INFO [main] org.apache.catalina.core.ApplicationContext.log ContextListener: attributeAdded('StockTicker', 'async.Stockticker@33d05366')
08-Aug-2020 12:56:34.462 INFO [main] org.apache.catalina.core.ApplicationContext.log SessionListener: contextDestroyed()
08-Aug-2020 12:56:34.462 INFO [main] org.apache.catalina.core.ApplicationContext.log ContextListener: contextDestroyed()
08-Aug-2020 12:57:16.223 INFO [main] org.apache.catalina.core.ApplicationContext.log ContextListener: contextInitialized()
08-Aug-2020 12:57:16.223 INFO [main] org.apache.catalina.core.ApplicationContext.log SessionListener: contextInitialized()
08-Aug-2020 12:57:16.225 INFO [main] org.apache.catalina.core.ApplicationContext.log ContextListener: attributeAdded('StockTicker', 'async.Stockticker@33aa93c')
08-Aug-2020 13:08:25.087 INFO [main] org.apache.catalina.core.ApplicationContext.log SessionListener: contextDestroyed()
08-Aug-2020 13:08:25.087 INFO [main] org.apache.catalina.core.ApplicationContext.log ContextListener: contextDestroyed()
08-Aug-2020 13:08:48.231 INFO [main] org.apache.catalina.core.ApplicationContext.log ContextListener: contextInitialized()
08-Aug-2020 13:08:48.232 INFO [main] org.apache.catalina.core.ApplicationContext.log SessionListener: contextInitialized()
08-Aug-2020 13:08:48.234 INFO [main] org.apache.catalina.core.ApplicationContext.log ContextListener: attributeAdded('StockTicker', 'async.Stockticker@1af05b03')
08-Aug-2020 13:12:18.885 INFO [main] org.apache.catalina.core.ApplicationContext.log SessionListener: contextDestroyed()
08-Aug-2020 13:12:18.885 INFO [main] org.apache.catalina.core.ApplicationContext.log ContextListener: contextDestroyed()
08-Aug-2020 13:12:31.566 INFO [main] org.apache.catalina.core.ApplicationContext.log ContextListener: contextInitialized()
08-Aug-2020 13:12:31.567 INFO [main] org.apache.catalina.core.ApplicationContext.log SessionListener: contextInitialized()
08-Aug-2020 13:12:31.569 INFO [main] org.apache.catalina.core.ApplicationContext.log ContextListener: attributeAdded('StockTicker', 'async.Stockticker@25230246')
08-Aug-2020 13:20:52.945 INFO [main] org.apache.catalina.core.ApplicationContext.log SessionListener: contextDestroyed()
08-Aug-2020 13:20:52.945 INFO [main] org.apache.catalina.core.ApplicationContext.log ContextListener: contextDestroyed()
08-Aug-2020 13:21:04.766 INFO [main] org.apache.catalina.core.ApplicationContext.log ContextListener: contextInitialized()
08-Aug-2020 13:21:04.767 INFO [main] org.apache.catalina.core.ApplicationContext.log SessionListener: contextInitialized()
08-Aug-2020 13:21:04.772 INFO [main] org.apache.catalina.core.ApplicationContext.log ContextListener: attributeAdded('StockTicker', 'async.Stockticker@75201592')
08-Aug-2020 13:53:50.155 INFO [main] org.apache.catalina.core.ApplicationContext.log SessionListener: contextDestroyed()
08-Aug-2020 13:53:50.156 INFO [main] org.apache.catalina.core.ApplicationContext.log ContextListener: contextDestroyed()
08-Aug-2020 13:54:04.334 INFO [main] org.apache.catalina.core.ApplicationContext.log ContextListener: contextInitialized()
08-Aug-2020 13:54:04.334 INFO [main] org.apache.catalina.core.ApplicationContext.log SessionListener: contextInitialized()
08-Aug-2020 13:54:04.338 INFO [main] org.apache.catalina.core.ApplicationContext.log ContextListener: attributeAdded('StockTicker', 'async.Stockticker@7bc2ae16')
08-Aug-2020 14:07:16.258 INFO [Thread-3] org.apache.catalina.core.ApplicationContext.log SessionListener: contextDestroyed()
08-Aug-2020 14:07:16.259 INFO [Thread-3] org.apache.catalina.core.ApplicationContext.log ContextListener: contextDestroyed()
